-------------------------------------------------------------------------------
Test set: com.retail.shopapi.ShopApiApplicationTests
-------------------------------------------------------------------------------
Tests run: 1, Failures: 0, Errors: 1, Skipped: 0, Time elapsed: 0.251 s <<< FAILURE! - in com.retail.shopapi.ShopApiApplicationTests
com.retail.shopapi.ShopApiApplicationTests  Time elapsed: 0.25 s  <<< ERROR!
java.lang.IllegalStateException: Unable to find a @SpringBootConfiguration, you need to use @ContextConfiguration or @SpringBootTest(classes=...) with your test

